<?xml version="1.0" encoding="UTF-8"?>
<!-- Generated by org.testng.reporters.JUnitXMLReporter -->
<testsuite ignored="0" hostname="LAPTOP-IPV7ESU4" failures="2" tests="6" name="Teachers Pay Teachers TEST-CASES" time="56.477" errors="0" timestamp="2023-03-21T22:11:36 IST">
  <testcase classname="com.tpt.testCases.LoginPageTestCases" name="LOGIN_verifyLoginPage" time="3.853"/>
  <testcase classname="com.tpt.testCases.LoginPageTestCases" name="LOGIN_verifyLoginPage" time="3.724"/>
  <testcase classname="com.tpt.testCases.LoginPageTestCases" name="LOGIN_verifyLoginPage" time="6.066">
    <failure type="java.lang.AssertionError" message="expected [The username/password combination doesn&amp;apos;t match.] but found [To log in, please enter email or username, password, and let us know you&amp;apos;re not a robot.]">
      <![CDATA[java.lang.AssertionError: expected [The username/password combination doesn't match.] but found [To log in, please enter email or username, password, and let us know you're not a robot.]
at com.tpt.testCases.LoginPageTestCases.LOGIN_verifyLoginPage(LoginPageTestCases.java:94)
at java.base/java.util.ArrayList.forEach(ArrayList.java:1511)
... Removed 33 stack frames]]>
    </failure>
  </testcase> <!-- LOGIN_verifyLoginPage -->
  <testcase classname="com.tpt.testCases.LoginPageTestCases" name="LOGIN_verifyLoginPage" time="6.286">
    <failure type="java.lang.AssertionError" message="expected [The email/password combination doesn&amp;apos;t match.] but found [To log in, please enter email or username, password, and let us know you&amp;apos;re not a robot.]">
      <![CDATA[java.lang.AssertionError: expected [The email/password combination doesn't match.] but found [To log in, please enter email or username, password, and let us know you're not a robot.]
at com.tpt.testCases.LoginPageTestCases.LOGIN_verifyLoginPage(LoginPageTestCases.java:110)
at java.base/java.util.ArrayList.forEach(ArrayList.java:1511)
... Removed 33 stack frames]]>
    </failure>
  </testcase> <!-- LOGIN_verifyLoginPage -->
  <testcase classname="com.tpt.testCases.LoginPageTestCases" name="LOGIN_verifyLoginPage" time="0.001"/>
  <testcase classname="com.tpt.testCases.LoginPageTestCases" name="LOGIN_verifyLoginPage" time="0.001"/>
</testsuite> <!-- Teachers Pay Teachers TEST-CASES -->
